[00:11:43] [main/INFO] [net.minecraft.client.gui.GuiNewChat]: [CHAT] [Debug]: Reloaded resource packs
[00:11:43] [main/INFO] [net.minecraft.client.resources.SimpleReloadableResourceManager]: Reloading ResourceManager: Default, FMLFileResourcePack:Forge Mod Loader, FMLFileResourcePack:Minecraft Forge, FMLFileResourcePack:Mof2 Mod
[00:11:44] [Server thread/INFO] [net.minecraft.advancements.AdvancementList]: Loaded 488 advancements
[00:11:47] [main/INFO] [net.minecraft.client.audio.SoundManager]: SoundSystem shutting down...
[00:11:47] [main/WARN] [net.minecraft.client.audio.SoundManager]: Author: Paul Lamb, www.paulscode.com
[00:11:47] [Sound Library Loader/INFO] [net.minecraft.client.audio.SoundManager]: Starting up SoundSystem...
[00:11:48] [Thread-14/INFO] [net.minecraft.client.audio.SoundManager]: Initializing LWJGL OpenAL
[00:11:48] [Thread-14/INFO] [net.minecraft.client.audio.SoundManager]: (The LWJGL binding of OpenAL.  For more information, see http://www.lwjgl.org)
[00:11:49] [Thread-14/INFO] [net.minecraft.client.audio.SoundManager]: OpenAL initialized.
[00:11:49] [Sound Library Loader/INFO] [net.minecraft.client.audio.SoundManager]: Sound engine started
[00:11:54] [main/INFO] [FML]: Max texture size: 8192
[00:11:55] [main/INFO] [net.minecraft.client.renderer.texture.TextureMap]: Created: 512x512 textures-atlas
[00:11:55] [main/ERROR] [FML]: Exception loading model for variant mof2mod:block_platinum#inventory for item "mof2mod:block_platinum", normal location exception: 
net.minecraftforge.client.model.ModelLoaderRegistry$LoaderException: Exception loading model mof2mod:item/block_platinum with loader VanillaLoader.INSTANCE, skipping
	at net.minecraftforge.client.model.ModelLoaderRegistry.getModel(ModelLoaderRegistry.java:161) ~[ModelLoaderRegistry.class:?]
	at net.minecraftforge.client.model.ModelLoader.loadItemModels(ModelLoader.java:302) ~[ModelLoader.class:?]
	at net.minecraft.client.renderer.block.model.ModelBakery.loadVariantItemModels(ModelBakery.java:175) ~[ModelBakery.class:?]
	at net.minecraftforge.client.model.ModelLoader.setupModelRegistry(ModelLoader.java:151) ~[ModelLoader.class:?]
	at net.minecraft.client.renderer.block.model.ModelManager.onResourceManagerReload(ModelManager.java:28) [ModelManager.class:?]
	at net.minecraft.client.resources.SimpleReloadableResourceManager.notifyReloadListeners(SimpleReloadableResourceManager.java:132) [SimpleReloadableResourceManager.class:?]
	at net.minecraft.client.resources.SimpleReloadableResourceManager.reloadResources(SimpleReloadableResourceManager.java:112) [SimpleReloadableResourceManager.class:?]
	at net.minecraft.client.Minecraft.refreshResources(Minecraft.java:868) [Minecraft.class:?]
	at net.minecraft.client.Minecraft.processKeyF3(Minecraft.java:2235) [Minecraft.class:?]
	at net.minecraft.client.Minecraft.runTickKeyboard(Minecraft.java:2090) [Minecraft.class:?]
	at net.minecraft.client.Minecraft.runTick(Minecraft.java:1934) [Minecraft.class:?]
	at net.minecraft.client.Minecraft.runGameLoop(Minecraft.java:1187) [Minecraft.class:?]
	at net.minecraft.client.Minecraft.run(Minecraft.java:441) [Minecraft.class:?]
	at net.minecraft.client.main.Main.main(Main.java:118) [Main.class:?]
	at sun.reflect.NativeMethodAccessorImpl.invoke0(Native Method) ~[?:1.8.0_161]
	at sun.reflect.NativeMethodAccessorImpl.invoke(NativeMethodAccessorImpl.java:62) ~[?:1.8.0_161]
	at sun.reflect.DelegatingMethodAccessorImpl.invoke(DelegatingMethodAccessorImpl.java:43) ~[?:1.8.0_161]
	at java.lang.reflect.Method.invoke(Method.java:498) ~[?:1.8.0_161]
	at net.minecraft.launchwrapper.Launch.launch(Launch.java:135) [launchwrapper-1.12.jar:?]
	at net.minecraft.launchwrapper.Launch.main(Launch.java:28) [launchwrapper-1.12.jar:?]
	at sun.reflect.NativeMethodAccessorImpl.invoke0(Native Method) ~[?:1.8.0_161]
	at sun.reflect.NativeMethodAccessorImpl.invoke(NativeMethodAccessorImpl.java:62) ~[?:1.8.0_161]
	at sun.reflect.DelegatingMethodAccessorImpl.invoke(DelegatingMethodAccessorImpl.java:43) ~[?:1.8.0_161]
	at java.lang.reflect.Method.invoke(Method.java:498) ~[?:1.8.0_161]
	at net.minecraftforge.gradle.GradleStartCommon.launch(GradleStartCommon.java:97) [start/:?]
	at GradleStart.main(GradleStart.java:25) [start/:?]
Caused by: java.io.FileNotFoundException: mof2mod:models/item/block_platinum.json
	at net.minecraft.client.resources.FallbackResourceManager.getResource(FallbackResourceManager.java:69) ~[FallbackResourceManager.class:?]
	at net.minecraft.client.resources.SimpleReloadableResourceManager.getResource(SimpleReloadableResourceManager.java:65) ~[SimpleReloadableResourceManager.class:?]
	at net.minecraft.client.renderer.block.model.ModelBakery.loadModel(ModelBakery.java:334) ~[ModelBakery.class:?]
	at net.minecraftforge.client.model.ModelLoader.access$1400(ModelLoader.java:115) ~[ModelLoader.class:?]
	at net.minecraftforge.client.model.ModelLoader$VanillaLoader.loadModel(ModelLoader.java:861) ~[ModelLoader$VanillaLoader.class:?]
	at net.minecraftforge.client.model.ModelLoaderRegistry.getModel(ModelLoaderRegistry.java:157) ~[ModelLoaderRegistry.class:?]
	... 25 more
[00:11:55] [main/ERROR] [FML]: Exception loading model for variant mof2mod:block_platinum#inventory for item "mof2mod:block_platinum", blockstate location exception: 
net.minecraftforge.client.model.ModelLoaderRegistry$LoaderException: Exception loading model mof2mod:block_platinum#inventory with loader VariantLoader.INSTANCE, skipping
	at net.minecraftforge.client.model.ModelLoaderRegistry.getModel(ModelLoaderRegistry.java:161) ~[ModelLoaderRegistry.class:?]
	at net.minecraftforge.client.model.ModelLoader.loadItemModels(ModelLoader.java:296) ~[ModelLoader.class:?]
	at net.minecraft.client.renderer.block.model.ModelBakery.loadVariantItemModels(ModelBakery.java:175) ~[ModelBakery.class:?]
	at net.minecraftforge.client.model.ModelLoader.setupModelRegistry(ModelLoader.java:151) ~[ModelLoader.class:?]
	at net.minecraft.client.renderer.block.model.ModelManager.onResourceManagerReload(ModelManager.java:28) [ModelManager.class:?]
	at net.minecraft.client.resources.SimpleReloadableResourceManager.notifyReloadListeners(SimpleReloadableResourceManager.java:132) [SimpleReloadableResourceManager.class:?]
	at net.minecraft.client.resources.SimpleReloadableResourceManager.reloadResources(SimpleReloadableResourceManager.java:112) [SimpleReloadableResourceManager.class:?]
	at net.minecraft.client.Minecraft.refreshResources(Minecraft.java:868) [Minecraft.class:?]
	at net.minecraft.client.Minecraft.processKeyF3(Minecraft.java:2235) [Minecraft.class:?]
	at net.minecraft.client.Minecraft.runTickKeyboard(Minecraft.java:2090) [Minecraft.class:?]
	at net.minecraft.client.Minecraft.runTick(Minecraft.java:1934) [Minecraft.class:?]
	at net.minecraft.client.Minecraft.runGameLoop(Minecraft.java:1187) [Minecraft.class:?]
	at net.minecraft.client.Minecraft.run(Minecraft.java:441) [Minecraft.class:?]
	at net.minecraft.client.main.Main.main(Main.java:118) [Main.class:?]
	at sun.reflect.NativeMethodAccessorImpl.invoke0(Native Method) ~[?:1.8.0_161]
	at sun.reflect.NativeMethodAccessorImpl.invoke(NativeMethodAccessorImpl.java:62) ~[?:1.8.0_161]
	at sun.reflect.DelegatingMethodAccessorImpl.invoke(DelegatingMethodAccessorImpl.java:43) ~[?:1.8.0_161]
	at java.lang.reflect.Method.invoke(Method.java:498) ~[?:1.8.0_161]
	at net.minecraft.launchwrapper.Launch.launch(Launch.java:135) [launchwrapper-1.12.jar:?]
	at net.minecraft.launchwrapper.Launch.main(Launch.java:28) [launchwrapper-1.12.jar:?]
	at sun.reflect.NativeMethodAccessorImpl.invoke0(Native Method) ~[?:1.8.0_161]
	at sun.reflect.NativeMethodAccessorImpl.invoke(NativeMethodAccessorImpl.java:62) ~[?:1.8.0_161]
	at sun.reflect.DelegatingMethodAccessorImpl.invoke(DelegatingMethodAccessorImpl.java:43) ~[?:1.8.0_161]
	at java.lang.reflect.Method.invoke(Method.java:498) ~[?:1.8.0_161]
	at net.minecraftforge.gradle.GradleStartCommon.launch(GradleStartCommon.java:97) [start/:?]
	at GradleStart.main(GradleStart.java:25) [start/:?]
Caused by: net.minecraft.client.renderer.block.model.ModelBlockDefinition$MissingVariantException
	at net.minecraft.client.renderer.block.model.ModelBlockDefinition.getVariant(ModelBlockDefinition.java:83) ~[ModelBlockDefinition.class:?]
	at net.minecraftforge.client.model.ModelLoader$VariantLoader.loadModel(ModelLoader.java:1175) ~[ModelLoader$VariantLoader.class:?]
	at net.minecraftforge.client.model.ModelLoaderRegistry.getModel(ModelLoaderRegistry.java:157) ~[ModelLoaderRegistry.class:?]
	... 25 more
[00:11:55] [main/ERROR] [FML]: Exception loading model for variant mof2mod:block_aluminium#inventory for item "mof2mod:block_aluminium", normal location exception: 
net.minecraftforge.client.model.ModelLoaderRegistry$LoaderException: Exception loading model mof2mod:item/block_aluminium with loader VanillaLoader.INSTANCE, skipping
	at net.minecraftforge.client.model.ModelLoaderRegistry.getModel(ModelLoaderRegistry.java:161) ~[ModelLoaderRegistry.class:?]
	at net.minecraftforge.client.model.ModelLoader.loadItemModels(ModelLoader.java:302) ~[ModelLoader.class:?]
	at net.minecraft.client.renderer.block.model.ModelBakery.loadVariantItemModels(ModelBakery.java:175) ~[ModelBakery.class:?]
	at net.minecraftforge.client.model.ModelLoader.setupModelRegistry(ModelLoader.java:151) ~[ModelLoader.class:?]
	at net.minecraft.client.renderer.block.model.ModelManager.onResourceManagerReload(ModelManager.java:28) [ModelManager.class:?]
	at net.minecraft.client.resources.SimpleReloadableResourceManager.notifyReloadListeners(SimpleReloadableResourceManager.java:132) [SimpleReloadableResourceManager.class:?]
	at net.minecraft.client.resources.SimpleReloadableResourceManager.reloadResources(SimpleReloadableResourceManager.java:112) [SimpleReloadableResourceManager.class:?]
	at net.minecraft.client.Minecraft.refreshResources(Minecraft.java:868) [Minecraft.class:?]
	at net.minecraft.client.Minecraft.processKeyF3(Minecraft.java:2235) [Minecraft.class:?]
	at net.minecraft.client.Minecraft.runTickKeyboard(Minecraft.java:2090) [Minecraft.class:?]
	at net.minecraft.client.Minecraft.runTick(Minecraft.java:1934) [Minecraft.class:?]
	at net.minecraft.client.Minecraft.runGameLoop(Minecraft.java:1187) [Minecraft.class:?]
	at net.minecraft.client.Minecraft.run(Minecraft.java:441) [Minecraft.class:?]
	at net.minecraft.client.main.Main.main(Main.java:118) [Main.class:?]
	at sun.reflect.NativeMethodAccessorImpl.invoke0(Native Method) ~[?:1.8.0_161]
	at sun.reflect.NativeMethodAccessorImpl.invoke(NativeMethodAccessorImpl.java:62) ~[?:1.8.0_161]
	at sun.reflect.DelegatingMethodAccessorImpl.invoke(DelegatingMethodAccessorImpl.java:43) ~[?:1.8.0_161]
	at java.lang.reflect.Method.invoke(Method.java:498) ~[?:1.8.0_161]
	at net.minecraft.launchwrapper.Launch.launch(Launch.java:135) [launchwrapper-1.12.jar:?]
	at net.minecraft.launchwrapper.Launch.main(Launch.java:28) [launchwrapper-1.12.jar:?]
	at sun.reflect.NativeMethodAccessorImpl.invoke0(Native Method) ~[?:1.8.0_161]
	at sun.reflect.NativeMethodAccessorImpl.invoke(NativeMethodAccessorImpl.java:62) ~[?:1.8.0_161]
	at sun.reflect.DelegatingMethodAccessorImpl.invoke(DelegatingMethodAccessorImpl.java:43) ~[?:1.8.0_161]
	at java.lang.reflect.Method.invoke(Method.java:498) ~[?:1.8.0_161]
	at net.minecraftforge.gradle.GradleStartCommon.launch(GradleStartCommon.java:97) [start/:?]
	at GradleStart.main(GradleStart.java:25) [start/:?]
Caused by: java.io.FileNotFoundException: mof2mod:models/item/block_aluminium.json
	at net.minecraft.client.resources.FallbackResourceManager.getResource(FallbackResourceManager.java:69) ~[FallbackResourceManager.class:?]
	at net.minecraft.client.resources.SimpleReloadableResourceManager.getResource(SimpleReloadableResourceManager.java:65) ~[SimpleReloadableResourceManager.class:?]
	at net.minecraft.client.renderer.block.model.ModelBakery.loadModel(ModelBakery.java:334) ~[ModelBakery.class:?]
	at net.minecraftforge.client.model.ModelLoader.access$1400(ModelLoader.java:115) ~[ModelLoader.class:?]
	at net.minecraftforge.client.model.ModelLoader$VanillaLoader.loadModel(ModelLoader.java:861) ~[ModelLoader$VanillaLoader.class:?]
	at net.minecraftforge.client.model.ModelLoaderRegistry.getModel(ModelLoaderRegistry.java:157) ~[ModelLoaderRegistry.class:?]
	... 25 more
[00:11:55] [main/ERROR] [FML]: Exception loading model for variant mof2mod:block_aluminium#inventory for item "mof2mod:block_aluminium", blockstate location exception: 
net.minecraftforge.client.model.ModelLoaderRegistry$LoaderException: Exception loading model mof2mod:block_aluminium#inventory with loader VariantLoader.INSTANCE, skipping
	at net.minecraftforge.client.model.ModelLoaderRegistry.getModel(ModelLoaderRegistry.java:161) ~[ModelLoaderRegistry.class:?]
	at net.minecraftforge.client.model.ModelLoader.loadItemModels(ModelLoader.java:296) ~[ModelLoader.class:?]
	at net.minecraft.client.renderer.block.model.ModelBakery.loadVariantItemModels(ModelBakery.java:175) ~[ModelBakery.class:?]
	at net.minecraftforge.client.model.ModelLoader.setupModelRegistry(ModelLoader.java:151) ~[ModelLoader.class:?]
	at net.minecraft.client.renderer.block.model.ModelManager.onResourceManagerReload(ModelManager.java:28) [ModelManager.class:?]
	at net.minecraft.client.resources.SimpleReloadableResourceManager.notifyReloadListeners(SimpleReloadableResourceManager.java:132) [SimpleReloadableResourceManager.class:?]
	at net.minecraft.client.resources.SimpleReloadableResourceManager.reloadResources(SimpleReloadableResourceManager.java:112) [SimpleReloadableResourceManager.class:?]
	at net.minecraft.client.Minecraft.refreshResources(Minecraft.java:868) [Minecraft.class:?]
	at net.minecraft.client.Minecraft.processKeyF3(Minecraft.java:2235) [Minecraft.class:?]
	at net.minecraft.client.Minecraft.runTickKeyboard(Minecraft.java:2090) [Minecraft.class:?]
	at net.minecraft.client.Minecraft.runTick(Minecraft.java:1934) [Minecraft.class:?]
	at net.minecraft.client.Minecraft.runGameLoop(Minecraft.java:1187) [Minecraft.class:?]
	at net.minecraft.client.Minecraft.run(Minecraft.java:441) [Minecraft.class:?]
	at net.minecraft.client.main.Main.main(Main.java:118) [Main.class:?]
	at sun.reflect.NativeMethodAccessorImpl.invoke0(Native Method) ~[?:1.8.0_161]
	at sun.reflect.NativeMethodAccessorImpl.invoke(NativeMethodAccessorImpl.java:62) ~[?:1.8.0_161]
	at sun.reflect.DelegatingMethodAccessorImpl.invoke(DelegatingMethodAccessorImpl.java:43) ~[?:1.8.0_161]
	at java.lang.reflect.Method.invoke(Method.java:498) ~[?:1.8.0_161]
	at net.minecraft.launchwrapper.Launch.launch(Launch.java:135) [launchwrapper-1.12.jar:?]
	at net.minecraft.launchwrapper.Launch.main(Launch.java:28) [launchwrapper-1.12.jar:?]
	at sun.reflect.NativeMethodAccessorImpl.invoke0(Native Method) ~[?:1.8.0_161]
	at sun.reflect.NativeMethodAccessorImpl.invoke(NativeMethodAccessorImpl.java:62) ~[?:1.8.0_161]
	at sun.reflect.DelegatingMethodAccessorImpl.invoke(DelegatingMethodAccessorImpl.java:43) ~[?:1.8.0_161]
	at java.lang.reflect.Method.invoke(Method.java:498) ~[?:1.8.0_161]
	at net.minecraftforge.gradle.GradleStartCommon.launch(GradleStartCommon.java:97) [start/:?]
	at GradleStart.main(GradleStart.java:25) [start/:?]
Caused by: net.minecraft.client.renderer.block.model.ModelBlockDefinition$MissingVariantException
	at net.minecraft.client.renderer.block.model.ModelBlockDefinition.getVariant(ModelBlockDefinition.java:83) ~[ModelBlockDefinition.class:?]
	at net.minecraftforge.client.model.ModelLoader$VariantLoader.loadModel(ModelLoader.java:1175) ~[ModelLoader$VariantLoader.class:?]
	at net.minecraftforge.client.model.ModelLoaderRegistry.getModel(ModelLoaderRegistry.java:157) ~[ModelLoaderRegistry.class:?]
	... 25 more
[00:11:55] [main/ERROR] [FML]: Exception loading model for variant mof2mod:block_steel#inventory for item "mof2mod:block_steel", normal location exception: 
net.minecraftforge.client.model.ModelLoaderRegistry$LoaderException: Exception loading model mof2mod:item/block_steel with loader VanillaLoader.INSTANCE, skipping
	at net.minecraftforge.client.model.ModelLoaderRegistry.getModel(ModelLoaderRegistry.java:161) ~[ModelLoaderRegistry.class:?]
	at net.minecraftforge.client.model.ModelLoader.loadItemModels(ModelLoader.java:302) ~[ModelLoader.class:?]
	at net.minecraft.client.renderer.block.model.ModelBakery.loadVariantItemModels(ModelBakery.java:175) ~[ModelBakery.class:?]
	at net.minecraftforge.client.model.ModelLoader.setupModelRegistry(ModelLoader.java:151) ~[ModelLoader.class:?]
	at net.minecraft.client.renderer.block.model.ModelManager.onResourceManagerReload(ModelManager.java:28) [ModelManager.class:?]
	at net.minecraft.client.resources.SimpleReloadableResourceManager.notifyReloadListeners(SimpleReloadableResourceManager.java:132) [SimpleReloadableResourceManager.class:?]
	at net.minecraft.client.resources.SimpleReloadableResourceManager.reloadResources(SimpleReloadableResourceManager.java:112) [SimpleReloadableResourceManager.class:?]
	at net.minecraft.client.Minecraft.refreshResources(Minecraft.java:868) [Minecraft.class:?]
	at net.minecraft.client.Minecraft.processKeyF3(Minecraft.java:2235) [Minecraft.class:?]
	at net.minecraft.client.Minecraft.runTickKeyboard(Minecraft.java:2090) [Minecraft.class:?]
	at net.minecraft.client.Minecraft.runTick(Minecraft.java:1934) [Minecraft.class:?]
	at net.minecraft.client.Minecraft.runGameLoop(Minecraft.java:1187) [Minecraft.class:?]
	at net.minecraft.client.Minecraft.run(Minecraft.java:441) [Minecraft.class:?]
	at net.minecraft.client.main.Main.main(Main.java:118) [Main.class:?]
	at sun.reflect.NativeMethodAccessorImpl.invoke0(Native Method) ~[?:1.8.0_161]
	at sun.reflect.NativeMethodAccessorImpl.invoke(NativeMethodAccessorImpl.java:62) ~[?:1.8.0_161]
	at sun.reflect.DelegatingMethodAccessorImpl.invoke(DelegatingMethodAccessorImpl.java:43) ~[?:1.8.0_161]
	at java.lang.reflect.Method.invoke(Method.java:498) ~[?:1.8.0_161]
	at net.minecraft.launchwrapper.Launch.launch(Launch.java:135) [launchwrapper-1.12.jar:?]
	at net.minecraft.launchwrapper.Launch.main(Launch.java:28) [launchwrapper-1.12.jar:?]
	at sun.reflect.NativeMethodAccessorImpl.invoke0(Native Method) ~[?:1.8.0_161]
	at sun.reflect.NativeMethodAccessorImpl.invoke(NativeMethodAccessorImpl.java:62) ~[?:1.8.0_161]
	at sun.reflect.DelegatingMethodAccessorImpl.invoke(DelegatingMethodAccessorImpl.java:43) ~[?:1.8.0_161]
	at java.lang.reflect.Method.invoke(Method.java:498) ~[?:1.8.0_161]
	at net.minecraftforge.gradle.GradleStartCommon.launch(GradleStartCommon.java:97) [start/:?]
	at GradleStart.main(GradleStart.java:25) [start/:?]
Caused by: java.io.FileNotFoundException: mof2mod:models/item/block_steel.json
	at net.minecraft.client.resources.FallbackResourceManager.getResource(FallbackResourceManager.java:69) ~[FallbackResourceManager.class:?]
	at net.minecraft.client.resources.SimpleReloadableResourceManager.getResource(SimpleReloadableResourceManager.java:65) ~[SimpleReloadableResourceManager.class:?]
	at net.minecraft.client.renderer.block.model.ModelBakery.loadModel(ModelBakery.java:334) ~[ModelBakery.class:?]
	at net.minecraftforge.client.model.ModelLoader.access$1400(ModelLoader.java:115) ~[ModelLoader.class:?]
	at net.minecraftforge.client.model.ModelLoader$VanillaLoader.loadModel(ModelLoader.java:861) ~[ModelLoader$VanillaLoader.class:?]
	at net.minecraftforge.client.model.ModelLoaderRegistry.getModel(ModelLoaderRegistry.java:157) ~[ModelLoaderRegistry.class:?]
	... 25 more
[00:11:55] [main/ERROR] [FML]: Exception loading model for variant mof2mod:block_steel#inventory for item "mof2mod:block_steel", blockstate location exception: 
net.minecraftforge.client.model.ModelLoaderRegistry$LoaderException: Exception loading model mof2mod:block_steel#inventory with loader VariantLoader.INSTANCE, skipping
	at net.minecraftforge.client.model.ModelLoaderRegistry.getModel(ModelLoaderRegistry.java:161) ~[ModelLoaderRegistry.class:?]
	at net.minecraftforge.client.model.ModelLoader.loadItemModels(ModelLoader.java:296) ~[ModelLoader.class:?]
	at net.minecraft.client.renderer.block.model.ModelBakery.loadVariantItemModels(ModelBakery.java:175) ~[ModelBakery.class:?]
	at net.minecraftforge.client.model.ModelLoader.setupModelRegistry(ModelLoader.java:151) ~[ModelLoader.class:?]
	at net.minecraft.client.renderer.block.model.ModelManager.onResourceManagerReload(ModelManager.java:28) [ModelManager.class:?]
	at net.minecraft.client.resources.SimpleReloadableResourceManager.notifyReloadListeners(SimpleReloadableResourceManager.java:132) [SimpleReloadableResourceManager.class:?]
	at net.minecraft.client.resources.SimpleReloadableResourceManager.reloadResources(SimpleReloadableResourceManager.java:112) [SimpleReloadableResourceManager.class:?]
	at net.minecraft.client.Minecraft.refreshResources(Minecraft.java:868) [Minecraft.class:?]
	at net.minecraft.client.Minecraft.processKeyF3(Minecraft.java:2235) [Minecraft.class:?]
	at net.minecraft.client.Minecraft.runTickKeyboard(Minecraft.java:2090) [Minecraft.class:?]
	at net.minecraft.client.Minecraft.runTick(Minecraft.java:1934) [Minecraft.class:?]
	at net.minecraft.client.Minecraft.runGameLoop(Minecraft.java:1187) [Minecraft.class:?]
	at net.minecraft.client.Minecraft.run(Minecraft.java:441) [Minecraft.class:?]
	at net.minecraft.client.main.Main.main(Main.java:118) [Main.class:?]
	at sun.reflect.NativeMethodAccessorImpl.invoke0(Native Method) ~[?:1.8.0_161]
	at sun.reflect.NativeMethodAccessorImpl.invoke(NativeMethodAccessorImpl.java:62) ~[?:1.8.0_161]
	at sun.reflect.DelegatingMethodAccessorImpl.invoke(DelegatingMethodAccessorImpl.java:43) ~[?:1.8.0_161]
	at java.lang.reflect.Method.invoke(Method.java:498) ~[?:1.8.0_161]
	at net.minecraft.launchwrapper.Launch.launch(Launch.java:135) [launchwrapper-1.12.jar:?]
	at net.minecraft.launchwrapper.Launch.main(Launch.java:28) [launchwrapper-1.12.jar:?]
	at sun.reflect.NativeMethodAccessorImpl.invoke0(Native Method) ~[?:1.8.0_161]
	at sun.reflect.NativeMethodAccessorImpl.invoke(NativeMethodAccessorImpl.java:62) ~[?:1.8.0_161]
	at sun.reflect.DelegatingMethodAccessorImpl.invoke(DelegatingMethodAccessorImpl.java:43) ~[?:1.8.0_161]
	at java.lang.reflect.Method.invoke(Method.java:498) ~[?:1.8.0_161]
	at net.minecraftforge.gradle.GradleStartCommon.launch(GradleStartCommon.java:97) [start/:?]
	at GradleStart.main(GradleStart.java:25) [start/:?]
Caused by: net.minecraft.client.renderer.block.model.ModelBlockDefinition$MissingVariantException
	at net.minecraft.client.renderer.block.model.ModelBlockDefinition.getVariant(ModelBlockDefinition.java:83) ~[ModelBlockDefinition.class:?]
	at net.minecraftforge.client.model.ModelLoader$VariantLoader.loadModel(ModelLoader.java:1175) ~[ModelLoader$VariantLoader.class:?]
	at net.minecraftforge.client.model.ModelLoaderRegistry.getModel(ModelLoaderRegistry.java:157) ~[ModelLoaderRegistry.class:?]
	... 25 more
[00:11:55] [main/ERROR] [FML]: Exception loading model for variant mof2mod:mill_center#powered=true for blockstate "mof2mod:mill_center[powered=true]"
net.minecraftforge.client.model.ModelLoaderRegistry$LoaderException: Exception loading model mof2mod:mill_center#powered=true with loader VariantLoader.INSTANCE, skipping
	at net.minecraftforge.client.model.ModelLoaderRegistry.getModel(ModelLoaderRegistry.java:161) ~[ModelLoaderRegistry.class:?]
	at net.minecraftforge.client.model.ModelLoader.registerVariant(ModelLoader.java:235) ~[ModelLoader.class:?]
	at net.minecraft.client.renderer.block.model.ModelBakery.loadBlock(ModelBakery.java:153) ~[ModelBakery.class:?]
	at net.minecraftforge.client.model.ModelLoader.loadBlocks(ModelLoader.java:223) ~[ModelLoader.class:?]
	at net.minecraftforge.client.model.ModelLoader.setupModelRegistry(ModelLoader.java:150) ~[ModelLoader.class:?]
	at net.minecraft.client.renderer.block.model.ModelManager.onResourceManagerReload(ModelManager.java:28) [ModelManager.class:?]
	at net.minecraft.client.resources.SimpleReloadableResourceManager.notifyReloadListeners(SimpleReloadableResourceManager.java:132) [SimpleReloadableResourceManager.class:?]
	at net.minecraft.client.resources.SimpleReloadableResourceManager.reloadResources(SimpleReloadableResourceManager.java:112) [SimpleReloadableResourceManager.class:?]
	at net.minecraft.client.Minecraft.refreshResources(Minecraft.java:868) [Minecraft.class:?]
	at net.minecraft.client.Minecraft.processKeyF3(Minecraft.java:2235) [Minecraft.class:?]
	at net.minecraft.client.Minecraft.runTickKeyboard(Minecraft.java:2090) [Minecraft.class:?]
	at net.minecraft.client.Minecraft.runTick(Minecraft.java:1934) [Minecraft.class:?]
	at net.minecraft.client.Minecraft.runGameLoop(Minecraft.java:1187) [Minecraft.class:?]
	at net.minecraft.client.Minecraft.run(Minecraft.java:441) [Minecraft.class:?]
	at net.minecraft.client.main.Main.main(Main.java:118) [Main.class:?]
	at sun.reflect.NativeMethodAccessorImpl.invoke0(Native Method) ~[?:1.8.0_161]
	at sun.reflect.NativeMethodAccessorImpl.invoke(NativeMethodAccessorImpl.java:62) ~[?:1.8.0_161]
	at sun.reflect.DelegatingMethodAccessorImpl.invoke(DelegatingMethodAccessorImpl.java:43) ~[?:1.8.0_161]
	at java.lang.reflect.Method.invoke(Method.java:498) ~[?:1.8.0_161]
	at net.minecraft.launchwrapper.Launch.launch(Launch.java:135) [launchwrapper-1.12.jar:?]
	at net.minecraft.launchwrapper.Launch.main(Launch.java:28) [launchwrapper-1.12.jar:?]
	at sun.reflect.NativeMethodAccessorImpl.invoke0(Native Method) ~[?:1.8.0_161]
	at sun.reflect.NativeMethodAccessorImpl.invoke(NativeMethodAccessorImpl.java:62) ~[?:1.8.0_161]
	at sun.reflect.DelegatingMethodAccessorImpl.invoke(DelegatingMethodAccessorImpl.java:43) ~[?:1.8.0_161]
	at java.lang.reflect.Method.invoke(Method.java:498) ~[?:1.8.0_161]
	at net.minecraftforge.gradle.GradleStartCommon.launch(GradleStartCommon.java:97) [start/:?]
	at GradleStart.main(GradleStart.java:25) [start/:?]
Caused by: net.minecraft.client.renderer.block.model.ModelBlockDefinition$MissingVariantException
	at net.minecraft.client.renderer.block.model.ModelBlockDefinition.getVariant(ModelBlockDefinition.java:83) ~[ModelBlockDefinition.class:?]
	at net.minecraftforge.client.model.ModelLoader$VariantLoader.loadModel(ModelLoader.java:1175) ~[ModelLoader$VariantLoader.class:?]
	at net.minecraftforge.client.model.ModelLoaderRegistry.getModel(ModelLoaderRegistry.java:157) ~[ModelLoaderRegistry.class:?]
	... 26 more
[00:11:55] [main/ERROR] [FML]: Exception loading blockstate for the variant mof2mod:mill_center#powered=true: 
java.lang.Exception: Could not load model definition for variant mof2mod:mill_center
	at net.minecraftforge.client.model.ModelLoader.getModelBlockDefinition(ModelLoader.java:269) ~[ModelLoader.class:?]
	at net.minecraft.client.renderer.block.model.ModelBakery.loadBlock(ModelBakery.java:121) ~[ModelBakery.class:?]
	at net.minecraftforge.client.model.ModelLoader.loadBlocks(ModelLoader.java:223) ~[ModelLoader.class:?]
	at net.minecraftforge.client.model.ModelLoader.setupModelRegistry(ModelLoader.java:150) ~[ModelLoader.class:?]
	at net.minecraft.client.renderer.block.model.ModelManager.onResourceManagerReload(ModelManager.java:28) [ModelManager.class:?]
	at net.minecraft.client.resources.SimpleReloadableResourceManager.notifyReloadListeners(SimpleReloadableResourceManager.java:132) [SimpleReloadableResourceManager.class:?]
	at net.minecraft.client.resources.SimpleReloadableResourceManager.reloadResources(SimpleReloadableResourceManager.java:112) [SimpleReloadableResourceManager.class:?]
	at net.minecraft.client.Minecraft.refreshResources(Minecraft.java:868) [Minecraft.class:?]
	at net.minecraft.client.Minecraft.processKeyF3(Minecraft.java:2235) [Minecraft.class:?]
	at net.minecraft.client.Minecraft.runTickKeyboard(Minecraft.java:2090) [Minecraft.class:?]
	at net.minecraft.client.Minecraft.runTick(Minecraft.java:1934) [Minecraft.class:?]
	at net.minecraft.client.Minecraft.runGameLoop(Minecraft.java:1187) [Minecraft.class:?]
	at net.minecraft.client.Minecraft.run(Minecraft.java:441) [Minecraft.class:?]
	at net.minecraft.client.main.Main.main(Main.java:118) [Main.class:?]
	at sun.reflect.NativeMethodAccessorImpl.invoke0(Native Method) ~[?:1.8.0_161]
	at sun.reflect.NativeMethodAccessorImpl.invoke(NativeMethodAccessorImpl.java:62) ~[?:1.8.0_161]
	at sun.reflect.DelegatingMethodAccessorImpl.invoke(DelegatingMethodAccessorImpl.java:43) ~[?:1.8.0_161]
	at java.lang.reflect.Method.invoke(Method.java:498) ~[?:1.8.0_161]
	at net.minecraft.launchwrapper.Launch.launch(Launch.java:135) [launchwrapper-1.12.jar:?]
	at net.minecraft.launchwrapper.Launch.main(Launch.java:28) [launchwrapper-1.12.jar:?]
	at sun.reflect.NativeMethodAccessorImpl.invoke0(Native Method) ~[?:1.8.0_161]
	at sun.reflect.NativeMethodAccessorImpl.invoke(NativeMethodAccessorImpl.java:62) ~[?:1.8.0_161]
	at sun.reflect.DelegatingMethodAccessorImpl.invoke(DelegatingMethodAccessorImpl.java:43) ~[?:1.8.0_161]
	at java.lang.reflect.Method.invoke(Method.java:498) ~[?:1.8.0_161]
	at net.minecraftforge.gradle.GradleStartCommon.launch(GradleStartCommon.java:97) [start/:?]
	at GradleStart.main(GradleStart.java:25) [start/:?]
Caused by: java.lang.RuntimeException: Encountered an exception when loading model definition of model mof2mod:blockstates/mill_center.json
	at net.minecraft.client.renderer.block.model.ModelBakery.loadMultipartMBD(ModelBakery.java:228) ~[ModelBakery.class:?]
	at net.minecraft.client.renderer.block.model.ModelBakery.getModelBlockDefinition(ModelBakery.java:208) ~[ModelBakery.class:?]
	at net.minecraftforge.client.model.ModelLoader.getModelBlockDefinition(ModelLoader.java:265) ~[ModelLoader.class:?]
	... 25 more
Caused by: java.io.FileNotFoundException: mof2mod:blockstates/mill_center.json
	at net.minecraft.client.resources.FallbackResourceManager.getAllResources(FallbackResourceManager.java:104) ~[FallbackResourceManager.class:?]
	at net.minecraft.client.resources.SimpleReloadableResourceManager.getAllResources(SimpleReloadableResourceManager.java:79) ~[SimpleReloadableResourceManager.class:?]
	at net.minecraft.client.renderer.block.model.ModelBakery.loadMultipartMBD(ModelBakery.java:221) ~[ModelBakery.class:?]
	at net.minecraft.client.renderer.block.model.ModelBakery.getModelBlockDefinition(ModelBakery.java:208) ~[ModelBakery.class:?]
	at net.minecraftforge.client.model.ModelLoader.getModelBlockDefinition(ModelLoader.java:265) ~[ModelLoader.class:?]
	... 25 more
[00:11:55] [main/FATAL] [FML]: Suppressed additional 8 model loading errors for domain mof2mod
[00:11:56] [main/INFO] [net.minecraft.advancements.AdvancementList]: Loaded 57 advancements
[00:12:14] [Server thread/INFO] [net.minecraft.server.integrated.IntegratedServer]: Saving and pausing game...
[00:12:14] [Server thread/INFO] [net.minecraft.server.MinecraftServer]: Saving chunks for level 'Whole New World'/overworld
[00:12:30] [Server thread/INFO] [net.minecraft.server.integrated.IntegratedServer]: Saving and pausing game...
[00:12:30] [Server thread/INFO] [net.minecraft.server.MinecraftServer]: Saving chunks for level 'Whole New World'/overworld
[00:13:36] [Server thread/INFO] [net.minecraft.server.MinecraftServer]: Player248 has made the advancement [Sweet dreams]
[00:13:36] [main/INFO] [net.minecraft.client.gui.GuiNewChat]: [CHAT] Player248 has made the advancement [Sweet dreams]
[00:13:36] [main/INFO] [net.minecraft.advancements.AdvancementList]: Loaded 60 advancements
[00:14:10] [main/INFO] [net.minecraft.advancements.AdvancementList]: Loaded 61 advancements
[00:15:26] [main/INFO] [net.minecraft.advancements.AdvancementList]: Loaded 63 advancements
[00:17:22] [main/INFO] [net.minecraft.advancements.AdvancementList]: Loaded 64 advancements
[00:17:29] [main/INFO] [net.minecraft.advancements.AdvancementList]: Loaded 70 advancements
[00:23:32] [main/INFO] [net.minecraft.client.gui.GuiNewChat]: [CHAT] Saved screenshot as 2019-02-26_00.23.31.png
[00:24:02] [main/INFO] [net.minecraft.client.gui.GuiNewChat]: [CHAT] Saved screenshot as 2019-02-26_00.24.01.png
[00:24:10] [main/INFO] [net.minecraft.client.gui.GuiNewChat]: [CHAT] Saved screenshot as 2019-02-26_00.24.10.png
[00:24:13] [Server thread/INFO] [net.minecraft.server.integrated.IntegratedServer]: Saving and pausing game...
[00:24:13] [Server thread/INFO] [net.minecraft.server.MinecraftServer]: Saving chunks for level 'Whole New World'/overworld
[00:24:16] [Server thread/INFO] [net.minecraft.server.MinecraftServer]: Stopping server
[00:24:16] [Server thread/INFO] [net.minecraft.server.MinecraftServer]: Saving players
[00:24:16] [Server thread/INFO] [net.minecraft.network.NetHandlerPlayServer]: Player248 lost connection: Disconnected
[00:24:16] [Server thread/INFO] [net.minecraft.server.MinecraftServer]: Player248 left the game
[00:24:16] [Server thread/INFO] [net.minecraft.network.NetHandlerPlayServer]: Stopping singleplayer server as player logged out
[00:24:16] [Server thread/INFO] [net.minecraft.server.MinecraftServer]: Saving worlds
[00:24:16] [Server thread/INFO] [net.minecraft.server.MinecraftServer]: Saving chunks for level 'Whole New World'/overworld
[00:24:16] [Server thread/INFO] [FML]: Unloading dimension 0
[00:24:16] [Server thread/INFO] [FML]: Applying holder lookups
[00:24:16] [Server thread/INFO] [FML]: Holder lookups applied
[00:24:17] [main/INFO] [net.minecraft.client.Minecraft]: Stopping!
[00:24:17] [main/INFO] [net.minecraft.client.audio.SoundManager]: SoundSystem shutting down...
[00:24:17] [main/WARN] [net.minecraft.client.audio.SoundManager]: Author: Paul Lamb, www.paulscode.com
